Cloning into 'ipfs-paste'...
remote: Not Found
fatal: repository 'https://github.com/jbenet/ipfs-paste/blob/master/ipfs-paste/' not found
Cloning into 'dessubdb'...
Cloning into 'python-multihash'...
Cloning into 'the-index#readme'...
fatal: unable to update url base from redirection:
  asked for: https://github.com/cakenggt/the-index#readme/info/refs?service=git-upload-pack
   redirect: https://github.com/cakenggt/the-index
Cloning into 'the-index'...
Cloning into 'ranger.vim'...
Cloning into 'plugin_fasd_add.py'...
remote: Not Found
fatal: repository 'https://github.com/ranger/ranger/blob/master/examples/plugin_fasd_add.py/' not found
Cloning into 'archnews'...
Cloning into 'arch-wiki-markdown'...
Cloning into 'technology'...
fatal: repository 'https://www.theguardian.com/uk/technology/' not found
Cloning into 'FOSUserBundle'...
fatal: unable to access 'https://github.com/FriendsOfSymfony/FOSUserBundle/': Could not resolve host: github.com
Cloning into 'openblockchain'...
Cloning into 'dotfiles'...
Cloning into 'bitcoin'...
Cloning into 'luci'...
remote: No page is registered at '/info/refs'.
remote: If this url belongs to an extension, make sure it is properly installed.
remote: If the extension was recently installed, try removing the /tmp/luci-indexcache file.
fatal: repository 'http://192.168.1.1/cgi-bin/luci/' not found
fatal: destination path 'mmt' already exists and is not an empty directory.
Cloning into 'mmt'...
fatal: repository 'https://code.constructiveproof.com/mmt/mmt/' not found
